<?xml version="1.0" encoding="UTF-8"?>
<testng-results ignored="0" total="0" passed="0" failed="0" skipped="0">
  <reporter-output>
  </reporter-output>
  <suite started-at="2022-12-20T23:50:19 IST" name="Default suite" finished-at="2022-12-20T23:50:19 IST" duration-ms="19">
    <groups>
    </groups>
    <test started-at="2022-12-20T23:50:19 IST" name="Default test" finished-at="2022-12-20T23:50:19 IST" duration-ms="19">
    </test> <!-- Default test -->
  </suite> <!-- Default suite -->
</testng-results>
